e:\mfc\vendering machine\vendering machine\debug\vendering machine.pch
e:\mfc\vendering machine\vendering machine\debug\vc120.pdb
e:\mfc\vendering machine\vendering machine\debug\vc120.idb
e:\mfc\vendering machine\vendering machine\debug\stdafx.obj
e:\mfc\vendering machine\vendering machine\debug\vendering machine.obj
e:\mfc\vendering machine\vendering machine\debug\vendering machinedlg.obj
e:\mfc\vendering machine\vendering machine\debug\goods.obj
e:\mfc\vendering machine\vendering machine\debug\help.obj
e:\mfc\vendering machine\vendering machine\debug\login.obj
e:\mfc\vendering machine\vendering machine\debug\pickupcode.obj
e:\mfc\vendering machine\vendering machine\debug\administrator.obj
e:\mfc\vendering machine\vendering machine\debug\pay.obj
e:\mfc\vendering machine\vendering machine\debug\shoppingcart.obj
e:\mfc\vendering machine\vendering machine\debug\infofile.obj
e:\mfc\vendering machine\vendering machine\debug\displayview.obj
e:\mfc\vendering machine\vendering machine\debug\selectview.obj
e:\mfc\vendering machine\debug\vendering machine.ilk
e:\mfc\vendering machine\debug\vendering machine.exe
e:\mfc\vendering machine\debug\vendering machine.pdb
e:\mfc\vendering machine\vendering machine\debug\vendering machine.res
e:\mfc\vendering machine\vendering machine\debug\select.obj
e:\mfc\vendering machine\vendering machine\debug\shiyan.obj
e:\mfc\vendering machine\vendering machine\debug\shiyan2.obj
e:\mfc\vendering machine\vendering machine\debug\venderin.f6f8be61.tlog\cl.command.1.tlog
e:\mfc\vendering machine\vendering machine\debug\venderin.f6f8be61.tlog\cl.read.1.tlog
e:\mfc\vendering machine\vendering machine\debug\venderin.f6f8be61.tlog\cl.write.1.tlog
e:\mfc\vendering machine\vendering machine\debug\venderin.f6f8be61.tlog\link.command.1.tlog
e:\mfc\vendering machine\vendering machine\debug\venderin.f6f8be61.tlog\link.read.1.tlog
e:\mfc\vendering machine\vendering machine\debug\venderin.f6f8be61.tlog\link.write.1.tlog
e:\mfc\vendering machine\vendering machine\debug\venderin.f6f8be61.tlog\rc.command.1.tlog
e:\mfc\vendering machine\vendering machine\debug\venderin.f6f8be61.tlog\rc.read.1.tlog
e:\mfc\vendering machine\vendering machine\debug\venderin.f6f8be61.tlog\rc.write.1.tlog
